0 verbose cli [ '/usr/local/bin/node', '/usr/local/bin/npm', 'i' ]
1 info using npm@7.21.1
2 info using node@v16.9.1
3 timing npm:load:whichnode Completed in 1ms
4 timing config:load:defaults Completed in 1ms
5 timing config:load:file:/usr/local/lib/node_modules/npm/npmrc Completed in 1ms
6 timing config:load:builtin Completed in 1ms
7 timing config:load:cli Completed in 2ms
8 timing config:load:env Completed in 0ms
9 timing config:load:file:/Users/anastasiareut/Desktop/Seneca/JavaScript/week 3 4/Class example resort/.npmrc Completed in 1ms
10 timing config:load:project Completed in 3ms
11 timing config:load:file:/Users/anastasiareut/.npmrc Completed in 0ms
12 timing config:load:user Completed in 0ms
13 timing config:load:file:/usr/local/etc/npmrc Completed in 1ms
14 timing config:load:global Completed in 1ms
15 timing config:load:validate Completed in 0ms
16 timing config:load:credentials Completed in 2ms
17 timing config:load:setEnvs Completed in 1ms
18 timing config:load Completed in 11ms
19 timing npm:load:configload Completed in 11ms
20 timing npm:load:setTitle Completed in 18ms
21 timing npm:load:setupLog Completed in 1ms
22 timing config:load:flatten Completed in 2ms
23 timing npm:load:cleanupLog Completed in 2ms
24 timing npm:load:configScope Completed in 0ms
25 timing npm:load:projectScope Completed in 0ms
26 timing npm:load Completed in 36ms
27 timing arborist:ctor Completed in 1ms
28 timing idealTree:init Completed in 9ms
29 timing idealTree:userRequests Completed in 1ms
30 silly idealTree buildDeps
31 timing idealTree:#root Completed in 0ms
32 timing idealTree:buildDeps Completed in 1ms
33 timing idealTree:fixDepFlags Completed in 0ms
34 timing idealTree Completed in 11ms
35 timing reify:loadTrees Completed in 13ms
36 timing reify:diffTrees Completed in 0ms
37 silly reify moves {}
38 timing reify:retireShallow Completed in 1ms
39 timing reify:createSparse Completed in 0ms
40 timing reify:loadBundles Completed in 0ms
41 silly audit report null
42 timing reify:audit Completed in 1ms
43 timing reify:unpack Completed in 1ms
44 timing reify:unretire Completed in 0ms
45 timing build:queue Completed in 0ms
46 timing build:deps Completed in 0ms
47 timing build Completed in 0ms
48 timing reify:build Completed in 0ms
49 timing reify:trash Completed in 0ms
50 timing reify:save Completed in 1ms
51 timing reify Completed in 63ms
52 timing command:install Completed in 67ms
53 verbose stack Error: ENOENT: no such file or directory, open '/Users/anastasiareut/Desktop/Seneca/JavaScript/week 3 4/Class example resort/package.json'
54 verbose cwd /Users/anastasiareut/Desktop/Seneca/JavaScript/week 3 4/Class example resort
55 verbose Darwin 19.6.0
56 verbose argv "/usr/local/bin/node" "/usr/local/bin/npm" "i"
57 verbose node v16.9.1
58 verbose npm  v7.21.1
59 error code ENOENT
60 error syscall open
61 error path /Users/anastasiareut/Desktop/Seneca/JavaScript/week 3 4/Class example resort/package.json
62 error errno -2
63 error enoent ENOENT: no such file or directory, open '/Users/anastasiareut/Desktop/Seneca/JavaScript/week 3 4/Class example resort/package.json'
64 error enoent This is related to npm not being able to find a file.
65 verbose exit -2
