0 verbose cli [
0 verbose cli   '/usr/local/bin/node',
0 verbose cli   '/usr/local/lib/node_modules/npm/bin/npm-cli.js',
0 verbose cli   'exec',
0 verbose cli   '--',
0 verbose cli   'create-react-app@latest.'
0 verbose cli ]
1 info using npm@7.21.1
2 info using node@v16.9.1
3 timing npm:load:whichnode Completed in 0ms
4 timing config:load:defaults Completed in 1ms
5 timing config:load:file:/usr/local/lib/node_modules/npm/npmrc Completed in 1ms
6 timing config:load:builtin Completed in 1ms
7 timing config:load:cli Completed in 2ms
8 timing config:load:env Completed in 0ms
9 timing config:load:file:/Users/anastasiareut/Desktop/Seneca/JavaScript/week 3 4/resort-app-starter-code-main/.npmrc Completed in 0ms
10 timing config:load:project Completed in 2ms
11 timing config:load:file:/Users/anastasiareut/.npmrc Completed in 0ms
12 timing config:load:user Completed in 0ms
13 timing config:load:file:/usr/local/etc/npmrc Completed in 0ms
14 timing config:load:global Completed in 0ms
15 timing config:load:validate Completed in 1ms
16 timing config:load:credentials Completed in 0ms
17 timing config:load:setEnvs Completed in 1ms
18 timing config:load Completed in 8ms
19 timing npm:load:configload Completed in 8ms
20 timing npm:load:setTitle Completed in 21ms
21 timing npm:load:setupLog Completed in 0ms
22 timing config:load:flatten Completed in 2ms
23 timing npm:load:cleanupLog Completed in 2ms
24 timing npm:load:configScope Completed in 0ms
25 timing npm:load:projectScope Completed in 0ms
26 timing npm:load Completed in 36ms
27 http fetch GET 200 https://registry.npmjs.org/create-react-app 144ms (cache revalidated)
28 timing command:exec Completed in 209ms
29 verbose type tag
30 verbose stack create-react-app: No matching version found for create-react-app@latest..
30 verbose stack     at module.exports (/usr/local/lib/node_modules/npm/node_modules/npm-pick-manifest/index.js:209:23)
30 verbose stack     at /usr/local/lib/node_modules/npm/node_modules/pacote/lib/registry.js:118:26
30 verbose stack     at async /usr/local/lib/node_modules/npm/node_modules/libnpmexec/lib/index.js:106:12
30 verbose stack     at async Promise.all (index 0)
30 verbose stack     at async exec (/usr/local/lib/node_modules/npm/node_modules/libnpmexec/lib/index.js:94:17)
31 verbose cwd /Users/anastasiareut/Desktop/Seneca/JavaScript/week 3 4/resort-app-starter-code-main
32 verbose Darwin 19.6.0
33 verbose argv "/usr/local/bin/node" "/usr/local/lib/node_modules/npm/bin/npm-cli.js" "exec" "--" "create-react-app@latest."
34 verbose node v16.9.1
35 verbose npm  v7.21.1
36 error code ETARGET
37 error notarget No matching version found for create-react-app@latest..
38 error notarget In most cases you or one of your dependencies are requesting
38 error notarget a package version that doesn't exist.
39 verbose exit 1
